<?xml version="1.0" encoding="UTF-8"?>
<!-- Generated by org.testng.reporters.JUnitReportReporter -->
<testsuite skipped="0" hostname="DESKTOP-PTK9AB3" name="TestRunner" tests="4" failures="0" timestamp="2023-02-26T12:58:48 EST" time="68.109" errors="0">
  <testcase name="runScenario" time="14.644" classname="TestRunner"/>
  <system-out/>
  <testcase name="runScenario" time="5.910" classname="TestRunner"/>
  <system-out/>
  <testcase name="runScenario" time="7.847" classname="TestRunner"/>
  <system-out/>
  <testcase name="runScenario" time="39.708" classname="TestRunner"/>
  <system-out/>
</testsuite> <!-- TestRunner -->
